Using pre-set license

 COMMAND LINE ARGUMENTS:
/Users/leahhumphries/Downloads/Unity/2021.1.3f1/Unity.app/Contents/MacOS/Unity
-adb2
-batchMode
-noUpm
-name
AssetImportWorker0
-projectPath
/Users/leahhumphries/Downloads/GitHub/COMP2007-SE1/TreasureChest
-logFile
Logs/AssetImportWorker0.log
-srvPort
49431
Successfully changed project path to: /Users/leahhumphries/Downloads/GitHub/COMP2007-SE1/TreasureChest
/Users/leahhumphries/Downloads/GitHub/COMP2007-SE1/TreasureChest
Using Asset Import Pipeline V2.
Refreshing native plugins compatible for Editor in 139.90 ms, found 1 plugins.
Preloading 0 native plugins for Editor in 0.00 ms.
Initialize engine version: 2021.1.3f1 (4bef613afd59)
[Subsystems] Discovering subsystems at path /Users/leahhumphries/Downloads/Unity/2021.1.3f1/Unity.app/Contents/Resources/UnitySubsystems
[Subsystems] Discovering subsystems at path /Users/leahhumphries/Downloads/GitHub/COMP2007-SE1/TreasureChest/Assets
GfxDevice: creating device client; threaded=0; jobified=0
2021-05-11 11:08:52.470 Unity[96930:3818445] (null) preferred device: Apple M1 (high power)
2021-05-11 11:08:52.470 Unity[96930:3818445] Metal devices available: 1
2021-05-11 11:08:52.471 Unity[96930:3818445] 0: Apple M1 (high power)
2021-05-11 11:08:52.473 Unity[96930:3818445] Using device Apple M1 (high power)
Initializing Metal device caps: Apple M1
Initialize mono
Mono path[0] = '/Users/leahhumphries/Downloads/Unity/2021.1.3f1/Unity.app/Contents/Managed'
Mono path[1] = '/Users/leahhumphries/Downloads/Unity/2021.1.3f1/Unity.app/Contents/MonoBleedingEdge/lib/mono/unityjit'
Mono config path = '/Users/leahhumphries/Downloads/Unity/2021.1.3f1/Unity.app/Contents/MonoBleedingEdge/etc'
Using monoOptions --debugger-agent=transport=dt_socket,embedding=1,server=y,suspend=n,address=127.0.0.1:56930
Begin MonoManager ReloadAssembly
Registering precompiled unity dll's ...
Register platform support module: /Users/leahhumphries/Downloads/Unity/2021.1.3f1/Unity.app/Contents/PlaybackEngines/MacStandaloneSupport/UnityEditor.OSXStandalone.Extensions.dll
Register platform support module: /Users/leahhumphries/Downloads/Unity/2021.1.3f1/PlaybackEngines/WindowsStandaloneSupport/UnityEditor.WindowsStandalone.Extensions.dll
Registered in 0.002120 seconds.
Native extension for WindowsStandalone target not found
Native extension for OSXStandalone target not found
Refreshing native plugins compatible for Editor in 100.61 ms, found 1 plugins.
Preloading 0 native plugins for Editor in 0.00 ms.
Mono: successfully reloaded assembly
- Completed reload, in  2.969 seconds
Platform modules already initialized, skipping
Registering precompiled user dll's ...
Registered in 0.002795 seconds.
Begin MonoManager ReloadAssembly
Native extension for WindowsStandalone target not found
Native extension for OSXStandalone target not found
Refreshing native plugins compatible for Editor in 104.32 ms, found 1 plugins.
Preloading 0 native plugins for Editor in 0.00 ms.
Mono: successfully reloaded assembly
- Completed reload, in  2.279 seconds
Platform modules already initialized, skipping
========================================================================
Worker process is ready to serve import requests
Shader 'Universal Render Pipeline/Particles/Lit': fallback shader 'Universal Render Pipeline/Particles/SimpleLit' not found
Shader 'Universal Render Pipeline/Particles/Lit': fallback shader 'Universal Render Pipeline/Particles/SimpleLit' not found
Launching external process: /Users/leahhumphries/Downloads/Unity/2021.1.3f1/Unity.app/Contents/Tools/UnityShaderCompiler
Launched and connected shader compiler UnityShaderCompiler after 0.07 seconds
Refreshing native plugins compatible for Editor in 0.56 ms, found 1 plugins.
Preloading 0 native plugins for Editor in 0.00 ms.
Unloading 3991 Unused Serialized files (Serialized files now loaded: 0)
System memory in use before: 240.5 MB.
System memory in use after: 237.9 MB.

Unloading 49 unused Assets to reduce memory usage. Loaded Objects now: 4410.
Total: 5.392708 ms (FindLiveObjects: 0.269333 ms CreateObjectMapping: 0.118542 ms MarkObjects: 3.560834 ms  DeleteObjects: 1.442958 ms)

========================================================================
Received Import Request.
  path: Assets/TreasureChest.blend
  artifactKey: Guid(ae6df142cffb14e42898d0becfb02016) Importer(815301076,1909f56bfc062723c751e8b465ee728b)
Start importing Assets/TreasureChest.blend using Guid(ae6df142cffb14e42898d0becfb02016) Importer(815301076,1909f56bfc062723c751e8b465ee728b)  -> (artifact id: '07a4a7a045eed96f384ba5f1f2f87dab') in 1.157457 seconds 
========================================================================
Received Import Request.
  Time since last request: 1456.589053 seconds.
  path: Assets/TreasureChest.blend
  artifactKey: Guid(ae6df142cffb14e42898d0becfb02016) Importer(815301076,1909f56bfc062723c751e8b465ee728b)
Start importing Assets/TreasureChest.blend using Guid(ae6df142cffb14e42898d0becfb02016) Importer(815301076,1909f56bfc062723c751e8b465ee728b)  -> (artifact id: '4f58ce151c60f9679dd259d7ab641a57') in 0.123572 seconds 
========================================================================
Received Import Request.
  Time since last request: 43.594249 seconds.
  path: Assets/TreasureChest.blend
  artifactKey: Guid(ae6df142cffb14e42898d0becfb02016) Importer(815301076,1909f56bfc062723c751e8b465ee728b)
Start importing Assets/TreasureChest.blend using Guid(ae6df142cffb14e42898d0becfb02016) Importer(815301076,1909f56bfc062723c751e8b465ee728b)  -> (artifact id: 'ccafcab53e2edffa1391a0b6ef8d6abe') in 0.052707 seconds 
