Using pre-set license

 COMMAND LINE ARGUMENTS:
/Users/leahhumphries/Downloads/Unity/2021.1.3f1/Unity.app/Contents/MacOS/Unity
-adb2
-batchMode
-noUpm
-name
AssetImportWorker0
-projectPath
/Users/leahhumphries/Downloads/GitHub/COMP2007-SE1/TreasureChest
-logFile
Logs/AssetImportWorker0.log
-srvPort
52371
Successfully changed project path to: /Users/leahhumphries/Downloads/GitHub/COMP2007-SE1/TreasureChest
/Users/leahhumphries/Downloads/GitHub/COMP2007-SE1/TreasureChest
Using Asset Import Pipeline V2.
Refreshing native plugins compatible for Editor in 141.88 ms, found 1 plugins.
Preloading 0 native plugins for Editor in 0.00 ms.
Initialize engine version: 2021.1.3f1 (4bef613afd59)
[Subsystems] Discovering subsystems at path /Users/leahhumphries/Downloads/Unity/2021.1.3f1/Unity.app/Contents/Resources/UnitySubsystems
[Subsystems] Discovering subsystems at path /Users/leahhumphries/Downloads/GitHub/COMP2007-SE1/TreasureChest/Assets
GfxDevice: creating device client; threaded=0; jobified=0
2021-05-10 08:07:10.728 Unity[80394:3295808] (null) preferred device: Apple M1 (high power)
2021-05-10 08:07:10.728 Unity[80394:3295808] Metal devices available: 1
2021-05-10 08:07:10.728 Unity[80394:3295808] 0: Apple M1 (high power)
2021-05-10 08:07:10.728 Unity[80394:3295808] Using device Apple M1 (high power)
Initializing Metal device caps: Apple M1
Initialize mono
Mono path[0] = '/Users/leahhumphries/Downloads/Unity/2021.1.3f1/Unity.app/Contents/Managed'
Mono path[1] = '/Users/leahhumphries/Downloads/Unity/2021.1.3f1/Unity.app/Contents/MonoBleedingEdge/lib/mono/unityjit'
Mono config path = '/Users/leahhumphries/Downloads/Unity/2021.1.3f1/Unity.app/Contents/MonoBleedingEdge/etc'
Using monoOptions --debugger-agent=transport=dt_socket,embedding=1,server=y,suspend=n,address=127.0.0.1:56394
Begin MonoManager ReloadAssembly
Registering precompiled unity dll's ...
Register platform support module: /Users/leahhumphries/Downloads/Unity/2021.1.3f1/Unity.app/Contents/PlaybackEngines/MacStandaloneSupport/UnityEditor.OSXStandalone.Extensions.dll
Register platform support module: /Users/leahhumphries/Downloads/Unity/2021.1.3f1/PlaybackEngines/WindowsStandaloneSupport/UnityEditor.WindowsStandalone.Extensions.dll
Registered in 0.001342 seconds.
Native extension for WindowsStandalone target not found
Native extension for OSXStandalone target not found
Refreshing native plugins compatible for Editor in 97.23 ms, found 1 plugins.
Preloading 0 native plugins for Editor in 0.00 ms.
Mono: successfully reloaded assembly
- Completed reload, in  2.604 seconds
Platform modules already initialized, skipping
Registering precompiled user dll's ...
Registered in 0.002670 seconds.
Begin MonoManager ReloadAssembly
Native extension for WindowsStandalone target not found
Native extension for OSXStandalone target not found
Refreshing native plugins compatible for Editor in 110.87 ms, found 1 plugins.
Preloading 0 native plugins for Editor in 0.00 ms.
Mono: successfully reloaded assembly
- Completed reload, in  2.530 seconds
Platform modules already initialized, skipping
========================================================================
Worker process is ready to serve import requests
Shader 'Universal Render Pipeline/Particles/Lit': fallback shader 'Universal Render Pipeline/Particles/SimpleLit' not found
Shader 'Universal Render Pipeline/Particles/Lit': fallback shader 'Universal Render Pipeline/Particles/SimpleLit' not found
Launching external process: /Users/leahhumphries/Downloads/Unity/2021.1.3f1/Unity.app/Contents/Tools/UnityShaderCompiler
Launched and connected shader compiler UnityShaderCompiler after 0.06 seconds
Refreshing native plugins compatible for Editor in 0.61 ms, found 1 plugins.
Preloading 0 native plugins for Editor in 0.00 ms.
Unloading 3991 Unused Serialized files (Serialized files now loaded: 0)
System memory in use before: 240.3 MB.
System memory in use after: 237.6 MB.

Unloading 49 unused Assets to reduce memory usage. Loaded Objects now: 4410.
Total: 4.352833 ms (FindLiveObjects: 0.260792 ms CreateObjectMapping: 0.098250 ms MarkObjects: 2.827625 ms  DeleteObjects: 1.165333 ms)

========================================================================
Received Import Request.
  path: Assets/PalmTree.blend
  artifactKey: Guid(e2c66671645f944e3a31fb9f6e3b5790) Importer(815301076,1909f56bfc062723c751e8b465ee728b)
Start importing Assets/PalmTree.blend using Guid(e2c66671645f944e3a31fb9f6e3b5790) Importer(815301076,1909f56bfc062723c751e8b465ee728b)  -> (artifact id: '24aaf1c3be90cf5e3e64fc8404255418') in 1.272951 seconds 
========================================================================
Received Prepare
Registering precompiled user dll's ...
Registered in 0.003262 seconds.
Begin MonoManager ReloadAssembly
Native extension for WindowsStandalone target not found
Native extension for OSXStandalone target not found
Refreshing native plugins compatible for Editor in 0.59 ms, found 1 plugins.
Preloading 0 native plugins for Editor in 0.00 ms.
Mono: successfully reloaded assembly
- Completed reload, in  2.327 seconds
Platform modules already initialized, skipping
Shader 'Universal Render Pipeline/Particles/Lit': fallback shader 'Universal Render Pipeline/Particles/SimpleLit' not found
Shader 'Universal Render Pipeline/Particles/Lit': fallback shader 'Universal Render Pipeline/Particles/SimpleLit' not found
Refreshing native plugins compatible for Editor in 0.57 ms, found 1 plugins.
Preloading 0 native plugins for Editor in 0.00 ms.
Unloading 3915 Unused Serialized files (Serialized files now loaded: 0)
System memory in use before: 249.1 MB.
System memory in use after: 246.5 MB.

Unloading 44 unused Assets to reduce memory usage. Loaded Objects now: 4494.
Total: 3.007250 ms (FindLiveObjects: 0.229958 ms CreateObjectMapping: 0.102208 ms MarkObjects: 1.588792 ms  DeleteObjects: 1.085666 ms)

========================================================================
Received Prepare
Registering precompiled user dll's ...
Registered in 0.002841 seconds.
Begin MonoManager ReloadAssembly
Native extension for WindowsStandalone target not found
Native extension for OSXStandalone target not found
Refreshing native plugins compatible for Editor in 0.59 ms, found 1 plugins.
Preloading 0 native plugins for Editor in 0.00 ms.
Mono: successfully reloaded assembly
- Completed reload, in  2.339 seconds
Platform modules already initialized, skipping
Shader 'Universal Render Pipeline/Particles/Lit': fallback shader 'Universal Render Pipeline/Particles/SimpleLit' not found
Shader 'Universal Render Pipeline/Particles/Lit': fallback shader 'Universal Render Pipeline/Particles/SimpleLit' not found
Refreshing native plugins compatible for Editor in 0.58 ms, found 1 plugins.
Preloading 0 native plugins for Editor in 0.00 ms.
Unloading 3915 Unused Serialized files (Serialized files now loaded: 0)
System memory in use before: 249.4 MB.
System memory in use after: 246.8 MB.

Unloading 44 unused Assets to reduce memory usage. Loaded Objects now: 4497.
Total: 3.085375 ms (FindLiveObjects: 0.242125 ms CreateObjectMapping: 0.099875 ms MarkObjects: 1.649417 ms  DeleteObjects: 1.093000 ms)

